<?xml version="1.0" encoding="UTF-8"?>
<beans xmlns="http://www.springframework.org/schema/beans"
       xmlns:xsi="http://www.w3.org/2001/XMLSchema-instance"
       xsi:schemaLocation="http://www.springframework.org/schema/beans http://www.springframework.org/schema/beans/spring-beans.xsd">

    <bean id="dataSource" class="org.apache.commons.dbcp.BasicDataSource"
          destroy-method="close">
        <property name="driverClassName" value="com.mysql.jdbc.Driver"/>
        <property name="url"
                  value="jdbc:mysql://localhost:3306/test"/>
        <property name="username" value="root"/>
        <property name="password" value="root"/>
        <!--连接池启动时的初始值 -->
        <property name="initialSize" value="1"/>
        <!--连接池的最大值 -->
        <property name="maxActive" value="300"/>
        <!-- 最大空闲值.当经过一个高峰时间后，连接池可以慢慢将已经用不到的连接慢慢释放一部分，一直减
    少到maxIdle为止 -->
        <property name="maxIdle" value="2"/>
        <!--最小空闲值.当空闲的连接数少于阀值时，连接池就会预申请去一些连接，以免洪峰来时来不及申请 -->
        <property name="minIdle" value="1"/>
    </bean>
    <bean id="userService" class="spring.UserServiceImpl">
        <!--向属性dataSource注入数据源 -->
        <property name="dataSource" ref="dataSource"></property>
    </bean>
</beans>